0 info it worked if it ends with ok
1 verbose cli [ 'node', '/usr/local/bin/npm', 'start' ]
2 info using npm@2.0.0-beta.0
3 info using node@v0.10.30
4 verbose node symlink /usr/local/bin/node
5 verbose run-script [ 'prestart', 'start', 'poststart' ]
6 info prestart lasercat.party@0.0.1
7 info start lasercat.party@0.0.1
8 verbose unsafe-perm in lifecycle true
9 info lasercat.party@0.0.1 Failed to exec start script
10 error lasercat.party@0.0.1 start: `brunch watch --server`
10 error Exit status 8
11 error Failed at the lasercat.party@0.0.1 start script.
11 error This is most likely a problem with the lasercat.party package,
11 error not with npm itself.
11 error Tell the author that this fails on your system:
11 error     brunch watch --server
11 error You can get their info via:
11 error     npm owner ls lasercat.party
11 error There is likely additional logging output above.
12 error System Darwin 14.3.0
13 error command "node" "/usr/local/bin/npm" "start"
14 error cwd /Users/rmatcuk/Documents/workspace/lasercatparty
15 error node -v v0.10.30
16 error npm -v 2.0.0-beta.0
17 error code ELIFECYCLE
18 verbose exit [ 1, true ]
